truncating documents...: 0it [00:00, ?it/s]truncating documents...: 20it [00:00, 360.38it/s]
Loading checkpoint shards:   0%|          | 0/4 [00:00<?, ?it/s]Loading checkpoint shards:  25%|██▌       | 1/4 [01:45<05:15, 105.25s/it]Loading checkpoint shards:  50%|█████     | 2/4 [03:46<03:49, 114.82s/it]Loading checkpoint shards:  75%|███████▌  | 3/4 [05:32<01:50, 110.66s/it]Loading checkpoint shards: 100%|██████████| 4/4 [05:45<00:00, 71.96s/it] Loading checkpoint shards: 100%|██████████| 4/4 [05:45<00:00, 86.28s/it]
  0%|          | 0/1 [00:00<?, ?it/s]Setting `pad_token_id` to `eos_token_id`:128001 for open-end generation.
Setting `pad_token_id` to `eos_token_id`:128001 for open-end generation.
Setting `pad_token_id` to `eos_token_id`:128001 for open-end generation.
Setting `pad_token_id` to `eos_token_id`:128001 for open-end generation.
Setting `pad_token_id` to `eos_token_id`:128001 for open-end generation.
Setting `pad_token_id` to `eos_token_id`:128001 for open-end generation.
Setting `pad_token_id` to `eos_token_id`:128001 for open-end generation.
Setting `pad_token_id` to `eos_token_id`:128001 for open-end generation.
Setting `pad_token_id` to `eos_token_id`:128001 for open-end generation.
Setting `pad_token_id` to `eos_token_id`:128001 for open-end generation.
Setting `pad_token_id` to `eos_token_id`:128001 for open-end generation.
Setting `pad_token_id` to `eos_token_id`:128001 for open-end generation.
Setting `pad_token_id` to `eos_token_id`:128001 for open-end generation.
Setting `pad_token_id` to `eos_token_id`:128001 for open-end generation.
Setting `pad_token_id` to `eos_token_id`:128001 for open-end generation.
Setting `pad_token_id` to `eos_token_id`:128001 for open-end generation.
Setting `pad_token_id` to `eos_token_id`:128001 for open-end generation.
Setting `pad_token_id` to `eos_token_id`:128001 for open-end generation.
Setting `pad_token_id` to `eos_token_id`:128001 for open-end generation.
Setting `pad_token_id` to `eos_token_id`:128001 for open-end generation.
100%|██████████| 1/1 [00:59<00:00, 59.16s/it]100%|██████████| 1/1 [00:59<00:00, 59.16s/it]
  0%|          | 0/20 [00:00<?, ?it/s]100%|██████████| 20/20 [00:00<00:00, 23140.99it/s]
